[PASS] - - kernel direct mapping tables up to 11c000000 @ dd79b000-dd7a1000
[PASS] - RAMDISK: 364de000 - 37267000
[PASS] - ACPI: RSDP 00000000000e5810 00014 (v00 COMPAQ)
[PASS] - ACPI: RSDT 00000000dd7c5840 00044 (v01 HPQOEM SLIC-BPC 20090616      00000000)
[PASS] - ACPI: FACP 00000000dd7c58e8 00074 (v01 COMPAQ EAGLLAKE 00000001      00000000)
[WARNING] - ACPI Warning: Optional field Pm2ControlBlock has zero address or length: 0x0000000000000050/0x0 (20110623/tbfadt-560)
[WARNING] - ACPI Warning: Invalid length for Pm2ControlBlock: 0, using default 8 (20110623/tbfadt-610)
[PASS] - ACPI: DSDT 00000000dd7c5e27 0A387 (v01 COMPAQ DSDT_PRJ 00000001 MSFT 0100000E)
[PASS] - ACPI: FACS 00000000dd7c5800 00040
[PASS] - ACPI: APIC 00000000dd7c595c 00084 (v01 COMPAQ EAGLLAKE 00000001      00000000)
[PASS] - ACPI: ASF! 00000000dd7c59e0 00063 (v32 COMPAQ EAGLLAKE 00000001      00000000)
[PASS] - ACPI: MCFG 00000000dd7c5a43 0003C (v01 COMPAQ EAGLLAKE 00000001      00000000)
[PASS] - ACPI: TCPA 00000000dd7c5a7f 00032 (v01 COMPAQ EAGLLAKE 00000001      00000000)
[PASS] - ACPI: SLIC 00000000dd7c5ab1 00176 (v01 HPQOEM SLIC-BPC 00000001      00000000)
[PASS] - ACPI: HPET 00000000dd7c5c27 00038 (v01 COMPAQ EAGLLAKE 00000001      00000000)
[PASS] - ACPI: DMAR 00000000dd7c5c5f 001C8 (v01 COMPAQ EAGLLAKE 00000001      00000000)
[PASS] - ACPI: Local APIC address 0xfee00000
[PASS] - ACPI: PM-Timer IO Port: 0xf808
[PASS] - ACPI: Local APIC address 0xfee00000
[PASS] - ACPI: LAPIC (acpi_id[0x01] - lapic_id[0x00] - enabled)
[PASS] - ACPI: LAPIC (acpi_id[0x02] - lapic_id[0x01] - enabled)
[PASS] - ACPI: LAPIC (acpi_id[0x03] - lapic_id[0x00] - disabled)
[PASS] - ACPI: LAPIC (acpi_id[0x04] - lapic_id[0x00] - disabled)
[PASS] - ACPI: LAPIC_NMI (acpi_id[0x01] - high edge lint[0x1])
[PASS] - ACPI: LAPIC_NMI (acpi_id[0x02] - high edge lint[0x1])
[PASS] - ACPI: LAPIC_NMI (acpi_id[0x03] - high edge lint[0x1])
[PASS] - ACPI: LAPIC_NMI (acpi_id[0x04] - high edge lint[0x1])
[PASS] - ACPI: IOAPIC (id[0x01] - address[0xfec00000] - gsi_base[0])
[PASS] - IOAPIC[0]: apic_id 1, version 32, address 0xfec00000, GSI 0-23
[PASS] - ACPI: INT_SRC_OVR (bus 0 bus_irq 0 global_irq 2 dfl dfl)
[PASS] - ACPI: INT_SRC_OVR (bus 0 bus_irq 9 global_irq 9 high level)
[PASS] - ACPI: IRQ0 used by override.
[PASS] - ACPI: IRQ2 used by override.
[PASS] - ACPI: IRQ9 used by override.
[PASS] - Using ACPI (MADT) for SMP configuration information
[PASS] - ACPI: HPET id: 0x8086a201 base: 0xfed00000
[PASS] - SMP: Allowing 4 CPUs, 2 hotplug CPUs
[PASS] - nr_irqs_gsi: 40
[PASS] - PM: Registered nosave memory: 000000000009f000 - 00000000000a0000
[PASS] - PM: Registered nosave memory: 00000000000a0000 - 00000000000e8000
[PASS] - PM: Registered nosave memory: 00000000000e8000 - 0000000000100000
[PASS] - PM: Registered nosave memory: 00000000dd7a1000 - 00000000dd7a2000
[PASS] - PM: Registered nosave memory: 00000000dd7a2000 - 00000000dd7a3000
[PASS] - PM: Registered nosave memory: 00000000dd7a3000 - 00000000dd7a4000
[PASS] - PM: Registered nosave memory: 00000000dd7a4000 - 00000000e0000000
[PASS] - PM: Registered nosave memory: 00000000e0000000 - 00000000f4000000
[PASS] - PM: Registered nosave memory: 00000000f4000000 - 00000000f8000000
[PASS] - PM: Registered nosave memory: 00000000f8000000 - 00000000fec00000
[PASS] - PM: Registered nosave memory: 00000000fec00000 - 00000000fed40000
[PASS] - PM: Registered nosave memory: 00000000fed40000 - 00000000fed45000
[PASS] - PM: Registered nosave memory: 00000000fed45000 - 0000000100000000
[PASS] - Allocating PCI resources starting at e0000000 (gap: e0000000:14000000)
[PASS] - Booting paravirtualized kernel on bare hardware
[PASS] - setup_percpu: NR_CPUS:256 nr_cpumask_bits:256 nr_cpu_ids:4 nr_node_ids:1
[PASS] - PERCPU: Embedded 28 pages/cpu @ffff88011bc00000 s83072 r8192 d23424 u524288
[PASS] - pcpu-alloc: s83072 r8192 d23424 u524288 alloc=1*2097152
[PASS] - pcpu-alloc: [0] - 0 1 2 3 
[PASS] - Built 1 zonelists in Node order, mobility grouping on.  Total pages: 1003563
[PASS] - Policy zone: Normal
[PASS] - Kernel command line: BOOT_IMAGE=/boot/vmlinuz-3.2.0-26-generic root=UUID=f84d5728-97fe-49d4-a970-3ad06bed782b ro quiet splash vt.handoff=7
[PASS] - PID hash table entries: 4096 (order: 3, 32768 bytes)
[PASS] - xsave/xrstor: enabled xstate_bv 0x3, cntxt size 0x240
[PASS] - Checking aperture...
[ERROR] - Error : No AGP bridge found
[PASS] - Calgary: detecting Calgary via BIOS EBDA area
[PASS] - Calgary: Unable to locate Rio Grande table in EBDA - bailing!
[PASS] - Memory: 3925244k/4653056k available (6555k kernel code, 566080k absent, 161732k reserved, 6645k data, 920k init)
[PASS] - SLUB: Genslabs=15, HWalign=64, Order=0-3, MinObjects=0, CPUs=4, Nodes=1
[PASS] - Hierarchical RCU implementation.
[PASS] - 	RCU dyntick-idle grace-period acceleration is enabled.
[WARNING] - Warning: NR_IRQS:16640 nr_irqs:712 16
[PASS] - vt handoff: transparent VT on vt#7
[PASS] - Console: colour dummy device 80x25
[PASS] - console [tty0] - enabled
[PASS] - allocated 33554432 bytes of page_cgroup
[PASS] - please try 'cgroup_disable=memory' option if you don't want memory cgroups
[PASS] - hpet clockevent registered
[PASS] - Fast TSC calibration using PIT
[PASS] - Detected 2992.583 MHz processor.
